Sat Aug 25 2018 14:13:25 GMT-0300 (-03): GET /about
Sat Aug 25 2018 14:14:28 GMT-0300 (-03): GET /about
Sat Aug 25 2018 14:14:29 GMT-0300 (-03): GET /about
Sat Aug 25 2018 14:14:57 GMT-0300 (-03): GET /
Sat Aug 25 2018 14:20:03 GMT-0300 (-03): GET /
Sat Aug 25 2018 14:20:05 GMT-0300 (-03): GET /about
Sat Aug 25 2018 14:21:21 GMT-0300 (-03): GET /about
Sat Aug 25 2018 14:21:22 GMT-0300 (-03): GET /about
Sat Aug 25 2018 14:21:23 GMT-0300 (-03): GET /about
Sat Aug 25 2018 14:21:23 GMT-0300 (-03): GET /about
Sat Aug 25 2018 14:21:23 GMT-0300 (-03): GET /about
Sat Aug 25 2018 14:21:23 GMT-0300 (-03): GET /about
Sat Aug 25 2018 14:21:24 GMT-0300 (-03): GET /about
Sat Aug 25 2018 14:21:24 GMT-0300 (-03): GET /about
Sat Aug 25 2018 14:21:34 GMT-0300 (-03): GET /about
Sat Aug 25 2018 14:22:04 GMT-0300 (-03): GET /
Sat Aug 25 2018 14:22:35 GMT-0300 (-03): GET /
Sat Aug 25 2018 14:23:32 GMT-0300 (-03): GET /
Sat Aug 25 2018 14:23:37 GMT-0300 (-03): GET /help.html
Sat Aug 25 2018 14:24:18 GMT-0300 (-03): GET /help.html
Sat Aug 25 2018 14:24:24 GMT-0300 (-03): GET /
Sat Aug 25 2018 14:24:26 GMT-0300 (-03): GET /about
Sat Aug 25 2018 14:24:28 GMT-0300 (-03): GET /
Sat Aug 25 2018 14:24:29 GMT-0300 (-03): GET /about
Sat Aug 25 2018 14:24:30 GMT-0300 (-03): GET /
Fri Sep 14 2018 20:50:06 GMT-0300 (-03): GET /
Fri Sep 14 2018 20:50:06 GMT-0300 (-03): GET /favicon.ico
Sat Sep 15 2018 13:32:12 GMT-0300 (-03): GET /
Sat Sep 15 2018 13:32:14 GMT-0300 (-03): GET /project
Sat Sep 15 2018 14:20:18 GMT-0300 (-03): GET /project
Sat Sep 15 2018 14:20:20 GMT-0300 (-03): GET /project
Sat Sep 15 2018 14:20:21 GMT-0300 (-03): GET /about
Sat Sep 15 2018 14:20:22 GMT-0300 (-03): GET /
Sat Sep 15 2018 14:20:23 GMT-0300 (-03): GET /about
Sat Sep 15 2018 14:20:23 GMT-0300 (-03): GET /project
Sat Sep 15 2018 14:20:25 GMT-0300 (-03): GET /about
Sat Sep 15 2018 14:20:27 GMT-0300 (-03): GET /
Sat Sep 15 2018 14:20:28 GMT-0300 (-03): GET /about
Sat Sep 15 2018 14:20:29 GMT-0300 (-03): GET /
Sat Sep 15 2018 14:20:32 GMT-0300 (-03): GET /about
Sat Sep 15 2018 14:20:32 GMT-0300 (-03): GET /project
Sat Sep 15 2018 14:20:34 GMT-0300 (-03): GET /about
Sat Sep 15 2018 14:20:35 GMT-0300 (-03): GET /project
Sat Sep 15 2018 14:20:49 GMT-0300 (-03): GET /project
Sat Sep 15 2018 14:20:50 GMT-0300 (-03): GET /about
Sat Sep 15 2018 14:20:51 GMT-0300 (-03): GET /
Sat Sep 15 2018 14:20:52 GMT-0300 (-03): GET /about
Sat Sep 15 2018 14:20:52 GMT-0300 (-03): GET /project
